<?xml version="1.0" encoding="UTF-8"?>
<testng-results ignored="0" total="1" passed="1" failed="0" skipped="0">
  <reporter-output>
  </reporter-output>
  <suite started-at="2024-08-10T18:48:11 IST" name="Default suite" finished-at="2024-08-10T18:48:11 IST" duration-ms="66">
    <groups>
    </groups>
    <test started-at="2024-08-10T18:48:11 IST" name="Default test" finished-at="2024-08-10T18:48:11 IST" duration-ms="66">
      <class name="javaPackage.TestNG3">
        <test-method signature="a()[pri:0, instance:javaPackage.TestNG3@26e356f0]" started-at="2024-08-10T18:48:11 IST" name="a" finished-at="2024-08-10T18:48:11 IST" duration-ms="9" status="PASS">
          <reporter-output>
          </reporter-output>
        </test-method> <!-- a -->
      </class> <!-- javaPackage.TestNG3 -->
    </test> <!-- Default test -->
  </suite> <!-- Default suite -->
</testng-results>
